:DIR /home/v/Desktop/artnat/algo/toolchain/cgt/bin
:FILE /home/v/Desktop/artnat/algo/toolchain/cgt/bin/abs6x
:FILE /home/v/Desktop/artnat/algo/toolchain/cgt/bin/acp6x
:FILE /home/v/Desktop/artnat/algo/toolchain/cgt/bin/ap6x
:FILE /home/v/Desktop/artnat/algo/toolchain/cgt/bin/ar6x
:FILE /home/v/Desktop/artnat/algo/toolchain/cgt/bin/asm6x
:FILE /home/v/Desktop/artnat/algo/toolchain/cgt/bin/cg6x
:FILE /home/v/Desktop/artnat/algo/toolchain/cgt/bin/ci6x
:FILE /home/v/Desktop/artnat/algo/toolchain/cgt/bin/cl6x
:FILE /home/v/Desktop/artnat/algo/toolchain/cgt/bin/clist6x
:FILE /home/v/Desktop/artnat/algo/toolchain/cgt/bin/cmp6x
:FILE /home/v/Desktop/artnat/algo/toolchain/cgt/bin/dem6x
:FILE /home/v/Desktop/artnat/algo/toolchain/cgt/bin/dis6x
:FILE /home/v/Desktop/artnat/algo/toolchain/cgt/bin/embed6x
:FILE /home/v/Desktop/artnat/algo/toolchain/cgt/bin/hex6x
:FILE /home/v/Desktop/artnat/algo/toolchain/cgt/bin/ilk6x
:FILE /home/v/Desktop/artnat/algo/toolchain/cgt/bin/libinfo6x
:FILE /home/v/Desktop/artnat/algo/toolchain/cgt/bin/lnk6x
:FILE /home/v/Desktop/artnat/algo/toolchain/cgt/bin/load6x
:FILE /home/v/Desktop/artnat/algo/toolchain/cgt/bin/load6xexe
:FILE /home/v/Desktop/artnat/algo/toolchain/cgt/bin/mk6x
:FILE /home/v/Desktop/artnat/algo/toolchain/cgt/bin/nm6x
:FILE /home/v/Desktop/artnat/algo/toolchain/cgt/bin/ofd6x
:FILE /home/v/Desktop/artnat/algo/toolchain/cgt/bin/opt6x
:FILE /home/v/Desktop/artnat/algo/toolchain/cgt/bin/pdd6x
:FILE /home/v/Desktop/artnat/algo/toolchain/cgt/bin/pprof6x
:FILE /home/v/Desktop/artnat/algo/toolchain/cgt/bin/spkc6x.dll
:FILE /home/v/Desktop/artnat/algo/toolchain/cgt/bin/strip6x
:FILE /home/v/Desktop/artnat/algo/toolchain/cgt/bin/xref6x
:FILE /home/v/Desktop/artnat/algo/toolchain/cgt/LICENSE.txt
:FILE /home/v/Desktop/artnat/algo/toolchain/cgt/DefectHistory.txt
:FILE /home/v/Desktop/artnat/algo/toolchain/cgt/LINKER_README.txt
:FILE /home/v/Desktop/artnat/algo/toolchain/cgt/README.txt
:DIR /home/v/Desktop/artnat/algo/toolchain/cgt/include
:FILE /home/v/Desktop/artnat/algo/toolchain/cgt/include/_fmt_specifier.h
:FILE /home/v/Desktop/artnat/algo/toolchain/cgt/include/_isfuncdcl.h
:FILE /home/v/Desktop/artnat/algo/toolchain/cgt/include/_isfuncdef.h
:FILE /home/v/Desktop/artnat/algo/toolchain/cgt/include/_lock.h
:FILE /home/v/Desktop/artnat/algo/toolchain/cgt/include/access.h
:FILE /home/v/Desktop/artnat/algo/toolchain/cgt/include/algorithm
:FILE /home/v/Desktop/artnat/algo/toolchain/cgt/include/assert.h
:FILE /home/v/Desktop/artnat/algo/toolchain/cgt/include/bitset
:FILE /home/v/Desktop/artnat/algo/toolchain/cgt/include/c6x.h
:FILE /home/v/Desktop/artnat/algo/toolchain/cgt/include/c60asm.i
:FILE /home/v/Desktop/artnat/algo/toolchain/cgt/include/cargs.h
:FILE /home/v/Desktop/artnat/algo/toolchain/cgt/include/cassert
:FILE /home/v/Desktop/artnat/algo/toolchain/cgt/include/cctype
:FILE /home/v/Desktop/artnat/algo/toolchain/cgt/include/cerrno
:FILE /home/v/Desktop/artnat/algo/toolchain/cgt/include/cfloat
:FILE /home/v/Desktop/artnat/algo/toolchain/cgt/include/ciso646
:FILE /home/v/Desktop/artnat/algo/toolchain/cgt/include/climits
:FILE /home/v/Desktop/artnat/algo/toolchain/cgt/include/clocale
:FILE /home/v/Desktop/artnat/algo/toolchain/cgt/include/cmath
:FILE /home/v/Desktop/artnat/algo/toolchain/cgt/include/complex
:FILE /home/v/Desktop/artnat/algo/toolchain/cgt/include/cpp_inline_math.h
:FILE /home/v/Desktop/artnat/algo/toolchain/cgt/include/cpy_tbl.h
:FILE /home/v/Desktop/artnat/algo/toolchain/cgt/include/csetjmp
:FILE /home/v/Desktop/artnat/algo/toolchain/cgt/include/csignal
:FILE /home/v/Desktop/artnat/algo/toolchain/cgt/include/cstdarg
:FILE /home/v/Desktop/artnat/algo/toolchain/cgt/include/cstddef
:FILE /home/v/Desktop/artnat/algo/toolchain/cgt/include/cstdio
:FILE /home/v/Desktop/artnat/algo/toolchain/cgt/include/cstdlib
:FILE /home/v/Desktop/artnat/algo/toolchain/cgt/include/cstring
:FILE /home/v/Desktop/artnat/algo/toolchain/cgt/include/ctime
:FILE /home/v/Desktop/artnat/algo/toolchain/cgt/include/ctype.h
:FILE /home/v/Desktop/artnat/algo/toolchain/cgt/include/cwchar
:FILE /home/v/Desktop/artnat/algo/toolchain/cgt/include/cwctype
:FILE /home/v/Desktop/artnat/algo/toolchain/cgt/include/deque
:FILE /home/v/Desktop/artnat/algo/toolchain/cgt/include/errno.h
:FILE /home/v/Desktop/artnat/algo/toolchain/cgt/include/exception
:FILE /home/v/Desktop/artnat/algo/toolchain/cgt/include/file.h
:FILE /home/v/Desktop/artnat/algo/toolchain/cgt/include/float.h
:FILE /home/v/Desktop/artnat/algo/toolchain/cgt/include/fstream
:FILE /home/v/Desktop/artnat/algo/toolchain/cgt/include/fstream.h
:FILE /home/v/Desktop/artnat/algo/toolchain/cgt/include/functional
:FILE /home/v/Desktop/artnat/algo/toolchain/cgt/include/gsm.h
:FILE /home/v/Desktop/artnat/algo/toolchain/cgt/include/hash_map
:FILE /home/v/Desktop/artnat/algo/toolchain/cgt/include/hash_set
:FILE /home/v/Desktop/artnat/algo/toolchain/cgt/include/inttypes.h
:FILE /home/v/Desktop/artnat/algo/toolchain/cgt/include/iomanip
:FILE /home/v/Desktop/artnat/algo/toolchain/cgt/include/iomanip.h
:FILE /home/v/Desktop/artnat/algo/toolchain/cgt/include/ios
:FILE /home/v/Desktop/artnat/algo/toolchain/cgt/include/iosfwd
:FILE /home/v/Desktop/artnat/algo/toolchain/cgt/include/iostream
:FILE /home/v/Desktop/artnat/algo/toolchain/cgt/include/iostream.h
:FILE /home/v/Desktop/artnat/algo/toolchain/cgt/include/iso646.h
:FILE /home/v/Desktop/artnat/algo/toolchain/cgt/include/istream
:FILE /home/v/Desktop/artnat/algo/toolchain/cgt/include/iterator
:FILE /home/v/Desktop/artnat/algo/toolchain/cgt/include/limits
:FILE /home/v/Desktop/artnat/algo/toolchain/cgt/include/limits.h
:FILE /home/v/Desktop/artnat/algo/toolchain/cgt/include/linkage.h
:FILE /home/v/Desktop/artnat/algo/toolchain/cgt/include/list
:FILE /home/v/Desktop/artnat/algo/toolchain/cgt/include/locale
:FILE /home/v/Desktop/artnat/algo/toolchain/cgt/include/locale.h
:FILE /home/v/Desktop/artnat/algo/toolchain/cgt/include/map
:FILE /home/v/Desktop/artnat/algo/toolchain/cgt/include/math.h
:FILE /home/v/Desktop/artnat/algo/toolchain/cgt/include/mathf.h
:FILE /home/v/Desktop/artnat/algo/toolchain/cgt/include/mathl.h
:FILE /home/v/Desktop/artnat/algo/toolchain/cgt/include/memory
:FILE /home/v/Desktop/artnat/algo/toolchain/cgt/include/new
:FILE /home/v/Desktop/artnat/algo/toolchain/cgt/include/new.h
:FILE /home/v/Desktop/artnat/algo/toolchain/cgt/include/numeric
:FILE /home/v/Desktop/artnat/algo/toolchain/cgt/include/ostream
:FILE /home/v/Desktop/artnat/algo/toolchain/cgt/include/pprof.h
:FILE /home/v/Desktop/artnat/algo/toolchain/cgt/include/queue
:FILE /home/v/Desktop/artnat/algo/toolchain/cgt/include/rope
:FILE /home/v/Desktop/artnat/algo/toolchain/cgt/include/set
:FILE /home/v/Desktop/artnat/algo/toolchain/cgt/include/setjmp.h
:FILE /home/v/Desktop/artnat/algo/toolchain/cgt/include/signal.h
:FILE /home/v/Desktop/artnat/algo/toolchain/cgt/include/slist
:FILE /home/v/Desktop/artnat/algo/toolchain/cgt/include/sstream
:FILE /home/v/Desktop/artnat/algo/toolchain/cgt/include/stack
:FILE /home/v/Desktop/artnat/algo/toolchain/cgt/include/stdarg.h
:FILE /home/v/Desktop/artnat/algo/toolchain/cgt/include/stddef.h
:FILE /home/v/Desktop/artnat/algo/toolchain/cgt/include/stdexcept
:FILE /home/v/Desktop/artnat/algo/toolchain/cgt/include/stdint.h
:FILE /home/v/Desktop/artnat/algo/toolchain/cgt/include/stdio.h
:FILE /home/v/Desktop/artnat/algo/toolchain/cgt/include/stdiostream.h
:FILE /home/v/Desktop/artnat/algo/toolchain/cgt/include/stdlib.h
:FILE /home/v/Desktop/artnat/algo/toolchain/cgt/include/stl.h
:FILE /home/v/Desktop/artnat/algo/toolchain/cgt/include/streambuf
:FILE /home/v/Desktop/artnat/algo/toolchain/cgt/include/string
:FILE /home/v/Desktop/artnat/algo/toolchain/cgt/include/string.h
:FILE /home/v/Desktop/artnat/algo/toolchain/cgt/include/strstream
:FILE /home/v/Desktop/artnat/algo/toolchain/cgt/include/strstream.h
:FILE /home/v/Desktop/artnat/algo/toolchain/cgt/include/time.h
:FILE /home/v/Desktop/artnat/algo/toolchain/cgt/include/typeinfo
:FILE /home/v/Desktop/artnat/algo/toolchain/cgt/include/unaccess.h
:FILE /home/v/Desktop/artnat/algo/toolchain/cgt/include/utility
:FILE /home/v/Desktop/artnat/algo/toolchain/cgt/include/valarray
:FILE /home/v/Desktop/artnat/algo/toolchain/cgt/include/vector
:FILE /home/v/Desktop/artnat/algo/toolchain/cgt/include/wchar.h
:FILE /home/v/Desktop/artnat/algo/toolchain/cgt/include/wchar.hx
:FILE /home/v/Desktop/artnat/algo/toolchain/cgt/include/wctype.h
:FILE /home/v/Desktop/artnat/algo/toolchain/cgt/include/xcomplex
:FILE /home/v/Desktop/artnat/algo/toolchain/cgt/include/xdebug
:FILE /home/v/Desktop/artnat/algo/toolchain/cgt/include/xhash
:FILE /home/v/Desktop/artnat/algo/toolchain/cgt/include/xiosbase
:FILE /home/v/Desktop/artnat/algo/toolchain/cgt/include/xlocale
:FILE /home/v/Desktop/artnat/algo/toolchain/cgt/include/xlocinfo
:FILE /home/v/Desktop/artnat/algo/toolchain/cgt/include/xlocinfo.h
:FILE /home/v/Desktop/artnat/algo/toolchain/cgt/include/xlocmes
:FILE /home/v/Desktop/artnat/algo/toolchain/cgt/include/xlocmon
:FILE /home/v/Desktop/artnat/algo/toolchain/cgt/include/xlocnum
:FILE /home/v/Desktop/artnat/algo/toolchain/cgt/include/xloctime
:FILE /home/v/Desktop/artnat/algo/toolchain/cgt/include/xmemory
:FILE /home/v/Desktop/artnat/algo/toolchain/cgt/include/xstddef
:FILE /home/v/Desktop/artnat/algo/toolchain/cgt/include/xstring
:FILE /home/v/Desktop/artnat/algo/toolchain/cgt/include/xtree
:FILE /home/v/Desktop/artnat/algo/toolchain/cgt/include/xutility
:FILE /home/v/Desktop/artnat/algo/toolchain/cgt/include/xwcc.h
:FILE /home/v/Desktop/artnat/algo/toolchain/cgt/include/ymath.h
:FILE /home/v/Desktop/artnat/algo/toolchain/cgt/include/yvals.h
:DIR /home/v/Desktop/artnat/algo/toolchain/cgt/lib
:FILE /home/v/Desktop/artnat/algo/toolchain/cgt/lib/libc.a
:FILE /home/v/Desktop/artnat/algo/toolchain/cgt/lib/lnk.cmd
:FILE /home/v/Desktop/artnat/algo/toolchain/cgt/lib/rts64plus.lib
:FILE /home/v/Desktop/artnat/algo/toolchain/cgt/lib/rts64plus_eh.lib
:FILE /home/v/Desktop/artnat/algo/toolchain/cgt/lib/rts64pluse.lib
:FILE /home/v/Desktop/artnat/algo/toolchain/cgt/lib/rts64pluse_eh.lib
:FILE /home/v/Desktop/artnat/algo/toolchain/cgt/lib/rts67plus.lib
:FILE /home/v/Desktop/artnat/algo/toolchain/cgt/lib/rts67plus_eh.lib
:FILE /home/v/Desktop/artnat/algo/toolchain/cgt/lib/rts67pluse.lib
:FILE /home/v/Desktop/artnat/algo/toolchain/cgt/lib/rts67pluse_eh.lib
:FILE /home/v/Desktop/artnat/algo/toolchain/cgt/lib/rts6200.lib
:FILE /home/v/Desktop/artnat/algo/toolchain/cgt/lib/rts6200_eh.lib
:FILE /home/v/Desktop/artnat/algo/toolchain/cgt/lib/rts6200e.lib
:FILE /home/v/Desktop/artnat/algo/toolchain/cgt/lib/rts6200e_eh.lib
:FILE /home/v/Desktop/artnat/algo/toolchain/cgt/lib/rts6400.lib
:FILE /home/v/Desktop/artnat/algo/toolchain/cgt/lib/rts6400_eh.lib
:FILE /home/v/Desktop/artnat/algo/toolchain/cgt/lib/rts6400e.lib
:FILE /home/v/Desktop/artnat/algo/toolchain/cgt/lib/rts6400e_eh.lib
:FILE /home/v/Desktop/artnat/algo/toolchain/cgt/lib/rts6700.lib
:FILE /home/v/Desktop/artnat/algo/toolchain/cgt/lib/rts6700_eh.lib
:FILE /home/v/Desktop/artnat/algo/toolchain/cgt/lib/rts6700e.lib
:FILE /home/v/Desktop/artnat/algo/toolchain/cgt/lib/rts6700e_eh.lib
:FILE /home/v/Desktop/artnat/algo/toolchain/cgt/lib/rts6740.lib
:FILE /home/v/Desktop/artnat/algo/toolchain/cgt/lib/rts6740_eh.lib
:FILE /home/v/Desktop/artnat/algo/toolchain/cgt/lib/rts6740e.lib
:FILE /home/v/Desktop/artnat/algo/toolchain/cgt/lib/rts6740e_eh.lib
:FILE /home/v/Desktop/artnat/algo/toolchain/cgt/lib/rtssrc.zip
:DIR /home/v/Desktop/artnat/algo/toolchain/cgt/man
:DIR /home/v/Desktop/artnat/algo/toolchain/cgt/man/man1
:FILE /home/v/Desktop/artnat/algo/toolchain/cgt/man/man1/abs6x.1
:FILE /home/v/Desktop/artnat/algo/toolchain/cgt/man/man1/ap6x.1
:FILE /home/v/Desktop/artnat/algo/toolchain/cgt/man/man1/asm6x.1
:FILE /home/v/Desktop/artnat/algo/toolchain/cgt/man/man1/cg6x.1
:FILE /home/v/Desktop/artnat/algo/toolchain/cgt/man/man1/ci6x.1
:FILE /home/v/Desktop/artnat/algo/toolchain/cgt/man/man1/cl6x.1
:FILE /home/v/Desktop/artnat/algo/toolchain/cgt/man/man1/embed6x.1
:FILE /home/v/Desktop/artnat/algo/toolchain/cgt/man/man1/hex6x.1
:FILE /home/v/Desktop/artnat/algo/toolchain/cgt/man/man1/ilk6x.1
:FILE /home/v/Desktop/artnat/algo/toolchain/cgt/man/man1/libinfo6x.1
:FILE /home/v/Desktop/artnat/algo/toolchain/cgt/man/man1/lnk6x.1
:FILE /home/v/Desktop/artnat/algo/toolchain/cgt/man/man1/nm6x.1
:FILE /home/v/Desktop/artnat/algo/toolchain/cgt/man/man1/ofd6x.1
:FILE /home/v/Desktop/artnat/algo/toolchain/cgt/man/man1/opt6x.1
:FILE /home/v/Desktop/artnat/algo/toolchain/cgt/man/man1/pdd6x.1
:FILE /home/v/Desktop/artnat/algo/toolchain/cgt/man/man1/pprof6x.1
:FILE /home/v/Desktop/artnat/algo/toolchain/cgt/man/man1/strip6x.1
:FILE /home/v/Desktop/artnat/algo/toolchain/cgt/man/man1/xref6x.1
:FILE /home/v/Desktop/artnat/algo/toolchain/cgt/install.log
